2024-06-18 13:47:21.131 | INFO     | vehicle:move_to:62 - Moved to (3.59, 2.20)
2024-06-18 13:47:21.150 | INFO     | vehicle:move_to:62 - Moved to (4.19, 1.39)
2024-06-18 13:47:21.180 | INFO     | vehicle:move_to:62 - Moved to (4.78, 0.59)
2024-06-18 13:47:21.203 | INFO     | vehicle:move_to:62 - Moved to (5.38, -0.22)
2024-06-18 13:47:21.230 | INFO     | vehicle:move_to:62 - Moved to (5.97, -1.02)
2024-06-18 13:47:21.259 | INFO     | vehicle:move_to:62 - Moved to (6.57, -1.83)
2024-06-18 13:47:21.284 | INFO     | vehicle:move_to:62 - Moved to (7.16, -2.63)
2024-06-18 13:47:21.304 | INFO     | vehicle:move_to:62 - Moved to (7.76, -3.43)
2024-06-18 13:47:21.326 | INFO     | vehicle:move_to:62 - Moved to (8.35, -4.24)
2024-06-18 13:47:21.399 | INFO     | vehicle:move_to:62 - Moved to (8.94, -5.04)
2024-06-18 13:47:21.412 | INFO     | vehicle:move_to:62 - Moved to (9.54, -5.85)
2024-06-18 13:47:21.418 | INFO     | vehicle:move_to:62 - Moved to (10.13, -6.65)
2024-06-18 13:47:21.429 | INFO     | vehicle:move_to:62 - Moved to (10.73, -7.45)
2024-06-18 13:47:21.456 | INFO     | vehicle:move_to:62 - Moved to (11.32, -8.26)
2024-06-18 13:47:21.476 | INFO     | vehicle:move_to:62 - Moved to (11.92, -9.06)
2024-06-18 13:47:21.499 | INFO     | vehicle:move_to:62 - Moved to (12.51, -9.87)
2024-06-18 13:47:21.513 | INFO     | vehicle:move_to:62 - Moved to (13.10, -10.67)
2024-06-18 13:47:21.538 | INFO     | vehicle:move_to:62 - Moved to (13.70, -11.48)
2024-06-18 13:47:21.563 | INFO     | vehicle:move_to:62 - Moved to (14.29, -12.28)
2024-06-18 13:47:21.578 | INFO     | vehicle:move_to:62 - Moved to (14.89, -13.08)
2024-06-18 13:47:21.608 | INFO     | vehicle:move_to:62 - Moved to (15.48, -13.89)
2024-06-18 13:47:21.637 | INFO     | vehicle:move_to:62 - Moved to (16.08, -14.69)
2024-06-18 13:47:21.657 | INFO     | vehicle:move_to:62 - Moved to (16.67, -15.50)
2024-06-18 13:47:21.682 | INFO     | vehicle:move_to:62 - Moved to (17.27, -16.30)
2024-06-18 13:47:21.711 | INFO     | vehicle:move_to:62 - Moved to (17.86, -17.10)
2024-06-18 13:47:21.733 | INFO     | vehicle:move_to:62 - Moved to (18.45, -17.91)
2024-06-18 13:47:21.752 | INFO     | vehicle:move_to:62 - Moved to (19.05, -18.71)
2024-06-18 13:47:21.776 | INFO     | vehicle:move_to:62 - Moved to (19.64, -19.52)
2024-06-18 13:47:21.799 | INFO     | vehicle:move_to:62 - Moved to (19.33, -18.57)
2024-06-18 13:47:21.827 | INFO     | vehicle:move_to:62 - Moved to (19.02, -17.62)
2024-06-18 13:47:21.849 | INFO     | vehicle:move_to:62 - Moved to (18.71, -16.67)
2024-06-18 13:47:21.868 | INFO     | vehicle:move_to:62 - Moved to (18.40, -15.71)
2024-06-18 13:47:21.901 | INFO     | vehicle:move_to:62 - Moved to (18.09, -14.76)
2024-06-18 13:47:21.919 | INFO     | vehicle:move_to:62 - Moved to (17.78, -13.81)
2024-06-18 13:47:21.946 | INFO     | vehicle:move_to:62 - Moved to (17.47, -12.86)
2024-06-18 13:47:21.967 | INFO     | vehicle:move_to:62 - Moved to (17.16, -11.91)
2024-06-18 13:47:21.993 | INFO     | vehicle:move_to:62 - Moved to (16.85, -10.96)
2024-06-18 13:47:22.018 | INFO     | vehicle:move_to:62 - Moved to (16.54, -10.01)
2024-06-18 13:47:22.045 | INFO     | vehicle:move_to:62 - Moved to (16.23, -9.06)
2024-06-18 13:47:22.067 | INFO     | vehicle:move_to:62 - Moved to (15.92, -8.11)
2024-06-18 13:47:22.086 | INFO     | vehicle:move_to:62 - Moved to (15.61, -7.16)
2024-06-18 13:47:22.129 | INFO     | vehicle:move_to:62 - Moved to (15.30, -6.21)
2024-06-18 13:47:22.142 | INFO     | vehicle:move_to:62 - Moved to (14.98, -5.26)
2024-06-18 13:47:22.168 | INFO     | vehicle:move_to:62 - Moved to (14.67, -4.31)
2024-06-18 13:47:22.187 | INFO     | vehicle:move_to:62 - Moved to (14.36, -3.36)
2024-06-18 13:47:22.215 | INFO     | vehicle:move_to:62 - Moved to (14.05, -2.41)
2024-06-18 13:47:22.238 | INFO     | vehicle:move_to:62 - Moved to (13.74, -1.46)
2024-06-18 13:47:22.264 | INFO     | vehicle:move_to:62 - Moved to (13.43, -0.51)
2024-06-18 13:47:22.285 | INFO     | vehicle:move_to:62 - Moved to (13.12, 0.44)
2024-06-18 13:47:22.303 | INFO     | vehicle:move_to:62 - Moved to (12.81, 1.40)
2024-06-18 13:47:22.332 | INFO     | vehicle:move_to:62 - Moved to (12.50, 2.35)
2024-06-18 13:47:22.355 | INFO     | vehicle:move_to:62 - Moved to (12.19, 3.30)
2024-06-18 13:47:22.379 | INFO     | vehicle:move_to:62 - Moved to (11.88, 4.25)
2024-06-18 13:47:22.403 | INFO     | vehicle:move_to:62 - Moved to (11.57, 5.20)
2024-06-18 13:47:22.427 | INFO     | vehicle:move_to:62 - Moved to (11.26, 6.15)
2024-06-18 13:47:22.460 | INFO     | vehicle:move_to:62 - Moved to (10.95, 7.10)
2024-06-18 13:47:22.483 | INFO     | vehicle:move_to:62 - Moved to (10.64, 8.05)
2024-06-18 13:47:22.495 | INFO     | vehicle:move_to:62 - Moved to (10.33, 9.00)
2024-06-18 13:47:22.527 | INFO     | vehicle:move_to:62 - Moved to (10.02, 9.95)
2024-06-18 13:47:22.549 | INFO     | vehicle:move_to:62 - Moved to (9.31, 9.24)
2024-06-18 13:47:22.564 | INFO     | vehicle:move_to:62 - Moved to (8.60, 8.54)
2024-06-18 13:47:22.594 | INFO     | vehicle:move_to:62 - Moved to (7.89, 7.83)
2024-06-18 13:47:22.617 | INFO     | vehicle:move_to:62 - Moved to (7.18, 7.13)
2024-06-18 13:47:22.643 | INFO     | vehicle:move_to:62 - Moved to (6.47, 6.42)
2024-06-18 13:47:22.667 | INFO     | vehicle:move_to:62 - Moved to (5.77, 5.71)
2024-06-18 13:47:22.694 | INFO     | vehicle:move_to:62 - Moved to (5.06, 5.01)
2024-06-18 13:47:22.717 | INFO     | vehicle:move_to:62 - Moved to (4.35, 4.30)
2024-06-18 13:47:22.737 | INFO     | vehicle:move_to:62 - Moved to (3.64, 3.60)
2024-06-18 13:47:22.762 | INFO     | vehicle:move_to:62 - Moved to (2.93, 2.89)
2024-06-18 13:47:22.784 | INFO     | vehicle:move_to:62 - Moved to (2.23, 2.19)
2024-06-18 13:47:22.809 | INFO     | vehicle:move_to:62 - Moved to (1.52, 1.48)
2024-06-18 13:47:22.825 | INFO     | environment:update:49 - Tanker needs refuel.
2024-06-18 13:47:22.833 | INFO     | vehicle:move_to:62 - Moved to (0.80, 0.78)
2024-06-18 13:47:22.860 | INFO     | environment:update:49 - Tanker needs refuel.
2024-06-18 13:47:22.860 | INFO     | vehicle:move_to:62 - Moved to (0.09, 0.08)
2024-06-18 13:47:22.860 | INFO     | vehicle:deliver_fuel:39 - Refueled at the center.
2024-06-18 13:47:22.882 | INFO     | vehicle:move_to:62 - Moved to (-0.62, -0.62)
2024-06-18 13:47:22.904 | INFO     | vehicle:move_to:62 - Moved to (-1.33, -1.33)
2024-06-18 13:47:22.930 | INFO     | vehicle:move_to:62 - Moved to (-2.04, -2.04)
2024-06-18 13:47:22.952 | INFO     | vehicle:move_to:62 - Moved to (-2.74, -2.75)
2024-06-18 13:47:22.977 | INFO     | vehicle:move_to:62 - Moved to (-3.45, -3.45)
2024-06-18 13:47:23.000 | INFO     | vehicle:move_to:62 - Moved to (-4.16, -4.16)
2024-06-18 13:47:23.021 | INFO     | vehicle:move_to:62 - Moved to (-4.87, -4.87)
2024-06-18 13:47:23.068 | INFO     | vehicle:move_to:62 - Moved to (-5.57, -5.57)
2024-06-18 13:47:23.084 | INFO     | vehicle:move_to:62 - Moved to (-6.28, -6.28)
2024-06-18 13:47:23.110 | INFO     | vehicle:move_to:62 - Moved to (-6.99, -6.99)
2024-06-18 13:47:23.127 | INFO     | vehicle:move_to:62 - Moved to (-7.69, -7.69)
2024-06-18 13:47:23.152 | INFO     | vehicle:move_to:62 - Moved to (-8.40, -8.40)
2024-06-18 13:47:23.171 | INFO     | vehicle:move_to:62 - Moved to (-9.11, -9.11)
2024-06-18 13:47:23.193 | INFO     | vehicle:move_to:62 - Moved to (-9.82, -9.82)
2024-06-18 13:47:24.290 | INFO     | vehicle:move_to:62 - Moved to (-8.87, -10.14)
2024-06-18 13:47:24.300 | INFO     | vehicle:move_to:62 - Moved to (-7.92, -10.46)
2024-06-18 13:47:24.338 | INFO     | vehicle:move_to:62 - Moved to (-6.98, -10.79)
2024-06-18 13:47:24.346 | INFO     | vehicle:move_to:62 - Moved to (-6.03, -11.11)
2024-06-18 13:47:24.386 | INFO     | vehicle:move_to:62 - Moved to (-5.08, -11.43)
2024-06-18 13:47:24.394 | INFO     | vehicle:move_to:62 - Moved to (-4.14, -11.76)
2024-06-18 13:47:24.414 | INFO     | vehicle:move_to:62 - Moved to (-3.19, -12.08)
2024-06-18 13:47:24.433 | INFO     | vehicle:move_to:62 - Moved to (-2.25, -12.40)
2024-06-18 13:47:24.470 | INFO     | vehicle:move_to:62 - Moved to (-1.30, -12.72)
2024-06-18 13:47:24.492 | INFO     | vehicle:move_to:62 - Moved to (-0.35, -13.05)
2024-06-18 13:47:24.518 | INFO     | vehicle:move_to:62 - Moved to (0.59, -13.37)
2024-06-18 13:47:24.536 | INFO     | vehicle:move_to:62 - Moved to (1.54, -13.69)
2024-06-18 13:47:24.566 | INFO     | vehicle:move_to:62 - Moved to (2.49, -14.02)
2024-06-18 13:47:24.593 | INFO     | vehicle:move_to:62 - Moved to (3.43, -14.34)
2024-06-18 13:47:24.613 | INFO     | vehicle:move_to:62 - Moved to (4.38, -14.66)
2024-06-18 13:47:24.643 | INFO     | vehicle:move_to:62 - Moved to (5.33, -14.99)
2024-06-18 13:47:24.670 | INFO     | vehicle:move_to:62 - Moved to (6.27, -15.31)
2024-06-18 13:47:24.686 | INFO     | vehicle:move_to:62 - Moved to (7.22, -15.63)
2024-06-18 13:47:24.718 | INFO     | vehicle:move_to:62 - Moved to (8.16, -15.96)
2024-06-18 13:47:24.737 | INFO     | vehicle:move_to:62 - Moved to (9.11, -16.28)
2024-06-18 13:47:24.767 | INFO     | vehicle:move_to:62 - Moved to (10.06, -16.60)
2024-06-18 13:47:24.792 | INFO     | vehicle:move_to:62 - Moved to (11.00, -16.93)
2024-06-18 13:47:24.795 | INFO     | vehicle:move_to:62 - Moved to (11.95, -17.25)
2024-06-18 13:47:24.825 | INFO     | vehicle:move_to:62 - Moved to (12.90, -17.57)
2024-06-18 13:47:24.853 | INFO     | vehicle:move_to:62 - Moved to (13.84, -17.90)
2024-06-18 13:47:24.875 | INFO     | vehicle:move_to:62 - Moved to (14.79, -18.22)
2024-06-18 13:47:24.902 | INFO     | vehicle:move_to:62 - Moved to (15.73, -18.54)
2024-06-18 13:47:24.921 | INFO     | vehicle:move_to:62 - Moved to (16.68, -18.87)
2024-06-18 13:47:24.951 | INFO     | vehicle:move_to:62 - Moved to (17.63, -19.19)
2024-06-18 13:47:24.972 | INFO     | vehicle:move_to:62 - Moved to (18.57, -19.51)
2024-06-18 13:47:25.025 | INFO     | vehicle:move_to:62 - Moved to (19.52, -19.84)
2024-06-18 13:47:25.045 | INFO     | vehicle:move_to:62 - Moved to (18.57, -19.52)
2024-06-18 13:47:25.064 | INFO     | vehicle:move_to:62 - Moved to (17.62, -19.20)
2024-06-18 13:47:25.095 | INFO     | vehicle:move_to:62 - Moved to (16.67, -18.89)
2024-06-18 13:47:25.117 | INFO     | vehicle:move_to:62 - Moved to (15.73, -18.57)
2024-06-18 13:47:25.142 | INFO     | vehicle:move_to:62 - Moved to (14.78, -18.26)
2024-06-18 13:47:25.167 | INFO     | vehicle:move_to:62 - Moved to (13.83, -17.94)
2024-06-18 13:47:25.185 | INFO     | vehicle:move_to:62 - Moved to (12.88, -17.62)
2024-06-18 13:47:25.214 | INFO     | vehicle:move_to:62 - Moved to (11.93, -17.31)
2024-06-18 13:47:25.234 | INFO     | vehicle:move_to:62 - Moved to (10.98, -16.99)
2024-06-18 13:47:25.259 | INFO     | vehicle:move_to:62 - Moved to (10.03, -16.67)
2024-06-18 13:47:25.285 | INFO     | vehicle:move_to:62 - Moved to (9.08, -16.36)
2024-06-18 13:47:25.303 | INFO     | vehicle:move_to:62 - Moved to (8.14, -16.04)
2024-06-18 13:47:25.334 | INFO     | vehicle:move_to:62 - Moved to (7.19, -15.73)
2024-06-18 13:47:25.356 | INFO     | vehicle:move_to:62 - Moved to (6.24, -15.41)
2024-06-18 13:47:25.375 | INFO     | vehicle:move_to:62 - Moved to (5.29, -15.09)
2024-06-18 13:47:25.406 | INFO     | vehicle:move_to:62 - Moved to (4.34, -14.78)
2024-06-18 13:47:25.436 | INFO     | vehicle:move_to:62 - Moved to (3.39, -14.46)
2024-06-18 13:47:25.454 | INFO     | vehicle:move_to:62 - Moved to (2.44, -14.15)
2024-06-18 13:47:25.487 | INFO     | vehicle:move_to:62 - Moved to (1.49, -13.83)
2024-06-18 13:47:25.495 | INFO     | vehicle:move_to:62 - Moved to (0.55, -13.51)
2024-06-18 13:47:25.526 | INFO     | vehicle:move_to:62 - Moved to (-0.40, -13.20)
2024-06-18 13:47:25.553 | INFO     | vehicle:move_to:62 - Moved to (-1.35, -12.88)
2024-06-18 13:47:25.579 | INFO     | vehicle:move_to:62 - Moved to (-2.30, -12.57)
2024-06-18 13:47:25.601 | INFO     | vehicle:move_to:62 - Moved to (-3.25, -12.25)
2024-06-18 13:47:25.630 | INFO     | vehicle:move_to:62 - Moved to (-4.20, -11.93)
2024-06-18 13:47:25.648 | INFO     | vehicle:move_to:62 - Moved to (-5.15, -11.62)
2024-06-18 13:47:25.681 | INFO     | vehicle:move_to:62 - Moved to (-6.10, -11.30)
2024-06-18 13:47:25.682 | INFO     | vehicle:move_to:62 - Moved to (-7.04, -10.98)
2024-06-18 13:47:25.732 | INFO     | vehicle:move_to:62 - Moved to (-7.99, -10.67)
2024-06-18 13:47:25.753 | INFO     | vehicle:move_to:62 - Moved to (-8.94, -10.35)
2024-06-18 13:47:25.789 | INFO     | vehicle:move_to:62 - Moved to (-9.89, -10.04)
2024-06-18 13:47:25.799 | INFO     | environment:update:49 - Tanker needs refuel.
2024-06-18 13:47:25.801 | INFO     | vehicle:move_to:62 - Moved to (-9.19, -9.32)
2024-06-18 13:47:26.657 | INFO     | environment:update:49 - Tanker needs refuel.
2024-06-18 13:47:26.657 | INFO     | vehicle:move_to:62 - Moved to (-8.49, -8.61)
2024-06-18 13:52:16.570 | INFO     | vehicle:move_to:62 - Moved to (2.29, 2.29)
2024-06-18 13:52:16.670 | INFO     | vehicle:move_to:62 - Moved to (1.59, 1.59)
2024-06-18 13:52:16.771 | INFO     | vehicle:move_to:62 - Moved to (0.88, 0.88)
2024-06-18 13:52:16.870 | INFO     | vehicle:move_to:62 - Moved to (0.17, 0.17)
2024-06-18 13:52:16.954 | INFO     | vehicle:move_to:62 - Moved to (-0.54, -0.54)
2024-06-18 13:52:17.054 | INFO     | vehicle:move_to:62 - Moved to (-1.24, -1.24)
2024-06-18 13:52:17.154 | INFO     | vehicle:move_to:62 - Moved to (-1.95, -1.95)
2024-06-18 13:52:17.254 | INFO     | vehicle:move_to:62 - Moved to (-2.66, -2.66)
2024-06-18 13:52:17.354 | INFO     | vehicle:move_to:62 - Moved to (-3.36, -3.36)
2024-06-18 13:52:17.454 | INFO     | vehicle:move_to:62 - Moved to (-4.07, -4.07)
2024-06-18 13:52:17.539 | INFO     | vehicle:move_to:62 - Moved to (-4.78, -4.78)
2024-06-18 13:52:17.637 | INFO     | vehicle:move_to:62 - Moved to (-5.49, -5.49)
2024-06-18 13:52:17.738 | INFO     | vehicle:move_to:62 - Moved to (-6.19, -6.19)
2024-06-18 13:52:17.837 | INFO     | vehicle:move_to:62 - Moved to (-6.90, -6.90)
2024-06-18 13:52:17.938 | INFO     | vehicle:move_to:62 - Moved to (-7.61, -7.61)
2024-06-18 13:52:18.039 | INFO     | vehicle:move_to:62 - Moved to (-8.31, -8.31)
2024-06-18 13:52:18.128 | INFO     | vehicle:move_to:62 - Moved to (-9.02, -9.02)
2024-06-18 13:52:18.220 | INFO     | vehicle:move_to:62 - Moved to (-9.73, -9.73)
2024-06-18 13:52:18.320 | INFO     | vehicle:move_to:62 - Moved to (-8.78, -10.05)
2024-06-18 13:52:18.421 | INFO     | vehicle:move_to:62 - Moved to (-7.84, -10.38)
2024-06-18 13:52:18.521 | INFO     | vehicle:move_to:62 - Moved to (-6.89, -10.71)
2024-06-18 13:52:18.610 | INFO     | vehicle:move_to:62 - Moved to (-5.95, -11.03)
2024-06-18 13:52:31.639 | INFO     | vehicle:move_to:62 - Moved to (-5.00, -11.36)
2024-06-18 13:52:31.739 | INFO     | vehicle:move_to:62 - Moved to (-4.06, -11.69)
2024-06-18 13:52:31.838 | INFO     | vehicle:move_to:62 - Moved to (-3.11, -12.01)
2024-06-18 13:52:31.924 | INFO     | vehicle:move_to:62 - Moved to (-2.17, -12.34)
2024-06-18 13:52:32.023 | INFO     | vehicle:move_to:62 - Moved to (-1.22, -12.67)
2024-06-18 13:52:32.123 | INFO     | vehicle:move_to:62 - Moved to (-0.28, -12.99)
2024-06-18 13:52:32.222 | INFO     | vehicle:move_to:62 - Moved to (0.67, -13.32)
2024-06-18 13:52:32.322 | INFO     | vehicle:move_to:62 - Moved to (1.61, -13.65)
2024-06-18 13:52:32.407 | INFO     | vehicle:move_to:62 - Moved to (2.56, -13.97)
2024-06-18 13:52:32.505 | INFO     | vehicle:move_to:62 - Moved to (3.50, -14.30)
2024-06-18 13:52:32.607 | INFO     | vehicle:move_to:62 - Moved to (4.45, -14.63)
2024-06-18 13:52:32.706 | INFO     | vehicle:move_to:62 - Moved to (5.39, -14.95)
2024-06-18 13:52:32.806 | INFO     | vehicle:move_to:62 - Moved to (6.34, -15.28)
2024-06-18 13:52:32.890 | INFO     | vehicle:move_to:62 - Moved to (7.29, -15.61)
2024-06-18 13:52:32.990 | INFO     | vehicle:move_to:62 - Moved to (8.23, -15.93)
2024-06-18 13:52:33.090 | INFO     | vehicle:move_to:62 - Moved to (9.18, -16.26)
2024-06-18 13:52:33.189 | INFO     | vehicle:move_to:62 - Moved to (10.12, -16.59)
2024-06-18 13:52:33.291 | INFO     | vehicle:move_to:62 - Moved to (11.07, -16.91)
2024-06-18 13:52:33.390 | INFO     | vehicle:move_to:62 - Moved to (12.01, -17.24)
2024-06-18 13:52:33.472 | INFO     | vehicle:move_to:62 - Moved to (12.96, -17.57)
2024-06-18 13:52:33.572 | INFO     | vehicle:move_to:62 - Moved to (13.90, -17.89)
2024-06-18 13:52:33.672 | INFO     | vehicle:move_to:62 - Moved to (14.85, -18.22)
2024-06-18 13:52:33.772 | INFO     | vehicle:move_to:62 - Moved to (15.79, -18.55)
2024-06-18 13:52:33.872 | INFO     | vehicle:move_to:62 - Moved to (16.74, -18.87)
2024-06-18 13:52:33.955 | INFO     | vehicle:move_to:62 - Moved to (17.68, -19.20)
2024-06-18 13:52:34.056 | INFO     | vehicle:move_to:62 - Moved to (18.63, -19.53)
2024-06-18 13:52:34.156 | INFO     | vehicle:move_to:62 - Moved to (19.57, -19.85)
2024-06-18 13:52:34.255 | INFO     | vehicle:move_to:62 - Moved to (19.27, -18.90)
2024-06-18 13:52:34.356 | INFO     | vehicle:move_to:62 - Moved to (18.96, -17.95)
2024-06-18 13:52:34.456 | INFO     | vehicle:move_to:62 - Moved to (18.66, -17.00)
2024-06-18 13:52:34.540 | INFO     | vehicle:move_to:62 - Moved to (18.35, -16.04)
2024-06-18 13:52:34.639 | INFO     | vehicle:move_to:62 - Moved to (18.05, -15.09)
2024-06-18 13:52:34.742 | INFO     | vehicle:move_to:62 - Moved to (17.74, -14.14)
2024-06-18 13:52:34.840 | INFO     | vehicle:move_to:62 - Moved to (17.43, -13.19)
2024-06-18 13:52:34.939 | INFO     | vehicle:move_to:62 - Moved to (17.13, -12.23)
2024-06-18 13:52:48.069 | INFO     | vehicle:move_to:62 - Moved to (16.82, -11.28)
2024-06-18 13:52:48.173 | INFO     | vehicle:move_to:62 - Moved to (16.52, -10.33)
2024-06-18 13:52:48.275 | INFO     | vehicle:move_to:62 - Moved to (16.21, -9.38)
2024-06-18 13:52:48.372 | INFO     | vehicle:move_to:62 - Moved to (15.91, -8.43)
2024-06-18 13:52:48.459 | INFO     | vehicle:move_to:62 - Moved to (15.60, -7.47)
2024-06-18 13:52:48.557 | INFO     | vehicle:move_to:62 - Moved to (15.30, -6.52)
2024-06-18 13:52:48.657 | INFO     | vehicle:move_to:62 - Moved to (14.99, -5.57)
2024-06-18 13:52:48.757 | INFO     | vehicle:move_to:62 - Moved to (14.69, -4.62)
2024-06-18 13:52:48.855 | INFO     | vehicle:move_to:62 - Moved to (14.38, -3.66)
2024-06-18 13:52:48.943 | INFO     | vehicle:move_to:62 - Moved to (14.08, -2.71)
2024-06-18 13:52:49.038 | INFO     | vehicle:move_to:62 - Moved to (13.77, -1.76)
2024-06-18 13:52:49.140 | INFO     | vehicle:move_to:62 - Moved to (13.47, -0.81)
2024-06-18 13:52:49.244 | INFO     | vehicle:move_to:62 - Moved to (13.16, 0.14)
2024-06-18 13:52:49.340 | INFO     | vehicle:move_to:62 - Moved to (12.85, 1.10)
2024-06-18 13:52:49.437 | INFO     | vehicle:move_to:62 - Moved to (12.55, 2.05)
2024-06-18 13:52:49.524 | INFO     | vehicle:move_to:62 - Moved to (12.24, 3.00)
2024-06-18 13:52:49.625 | INFO     | vehicle:move_to:62 - Moved to (11.94, 3.95)
2024-06-18 13:52:49.725 | INFO     | vehicle:move_to:62 - Moved to (11.63, 4.91)
2024-06-18 13:52:49.823 | INFO     | vehicle:move_to:62 - Moved to (11.33, 5.86)
2024-06-18 13:52:49.920 | INFO     | vehicle:move_to:62 - Moved to (11.02, 6.81)
2024-06-18 13:52:50.020 | INFO     | vehicle:move_to:62 - Moved to (10.72, 7.76)
2024-06-18 13:52:50.110 | INFO     | vehicle:move_to:62 - Moved to (10.41, 8.72)
2024-06-18 13:52:50.207 | INFO     | vehicle:move_to:62 - Moved to (10.11, 9.67)
2024-06-18 13:52:50.304 | INFO     | environment:update:49 - Tanker needs refuel.
2024-06-18 13:52:50.304 | INFO     | vehicle:move_to:62 - Moved to (9.38, 8.98)
2024-06-18 13:52:50.403 | INFO     | environment:update:49 - Tanker needs refuel.
2024-06-18 13:52:50.403 | INFO     | vehicle:move_to:62 - Moved to (8.66, 8.28)
2024-06-18 13:52:50.504 | INFO     | environment:update:49 - Tanker needs refuel.
2024-06-18 13:52:50.504 | INFO     | vehicle:move_to:62 - Moved to (7.94, 7.59)
2024-06-18 13:52:50.586 | INFO     | environment:update:49 - Tanker needs refuel.
2024-06-18 13:52:50.586 | INFO     | vehicle:move_to:62 - Moved to (7.22, 6.90)
2024-06-18 13:52:50.692 | INFO     | environment:update:49 - Tanker needs refuel.
2024-06-18 13:52:50.694 | INFO     | vehicle:move_to:62 - Moved to (6.49, 6.21)
2024-06-18 13:52:50.787 | INFO     | environment:update:49 - Tanker needs refuel.
2024-06-18 13:52:50.787 | INFO     | vehicle:move_to:62 - Moved to (5.77, 5.52)
2024-06-18 13:52:50.892 | INFO     | environment:update:49 - Tanker needs refuel.
2024-06-18 13:52:50.920 | INFO     | vehicle:move_to:62 - Moved to (5.05, 4.83)
2024-06-18 13:52:50.987 | INFO     | environment:update:49 - Tanker needs refuel.
2024-06-18 13:52:50.987 | INFO     | vehicle:move_to:62 - Moved to (4.33, 4.14)
2024-06-18 13:52:51.088 | INFO     | environment:update:49 - Tanker needs refuel.
2024-06-18 13:52:51.088 | INFO     | vehicle:move_to:62 - Moved to (3.60, 3.45)
2024-06-18 13:53:30.337 | INFO     | environment:update:49 - Tanker needs refuel.
2024-06-18 13:53:30.343 | INFO     | vehicle:move_to:62 - Moved to (2.88, 2.76)
2024-06-18 13:53:30.440 | INFO     | environment:update:49 - Tanker needs refuel.
2024-06-18 13:53:30.440 | INFO     | vehicle:move_to:62 - Moved to (2.16, 2.06)
2024-06-18 13:53:30.536 | INFO     | environment:update:49 - Tanker needs refuel.
2024-06-18 13:53:30.536 | INFO     | vehicle:move_to:62 - Moved to (1.44, 1.37)
2024-06-18 13:53:30.636 | INFO     | environment:update:49 - Tanker needs refuel.
2024-06-18 13:53:30.636 | INFO     | vehicle:move_to:62 - Moved to (0.71, 0.68)
2024-06-18 13:53:30.636 | INFO     | vehicle:deliver_fuel:39 - Refueled at the center.
2024-06-18 13:53:30.728 | INFO     | vehicle:move_to:62 - Moved to (0.00, -0.02)
2024-06-18 13:53:30.836 | INFO     | vehicle:move_to:62 - Moved to (-0.70, -0.73)
2024-06-18 13:53:30.923 | INFO     | vehicle:move_to:62 - Moved to (-1.41, -1.44)
2024-06-18 13:53:31.020 | INFO     | vehicle:move_to:62 - Moved to (-2.12, -2.14)
2024-06-18 13:53:31.120 | INFO     | vehicle:move_to:62 - Moved to (-2.83, -2.85)
2024-06-18 13:53:31.219 | INFO     | vehicle:move_to:62 - Moved to (-3.54, -3.56)
2024-06-18 13:53:31.319 | INFO     | vehicle:move_to:62 - Moved to (-4.24, -4.26)
2024-06-18 13:53:31.408 | INFO     | vehicle:move_to:62 - Moved to (-4.95, -4.97)
2024-06-18 13:53:31.503 | INFO     | vehicle:move_to:62 - Moved to (-5.66, -5.67)
2024-06-18 13:55:22.301 | WARNING  | __main__:set_tanker_destination:73 - Setting refuel center as destination
2024-06-18 13:55:24.035 | INFO     | vehicle:move_to:62 - Moved to (-4.95, -4.97)
2024-06-18 13:55:24.324 | INFO     | vehicle:move_to:62 - Moved to (-4.25, -4.26)
2024-06-18 13:55:24.738 | INFO     | vehicle:move_to:62 - Moved to (-3.54, -3.55)
2024-06-18 13:55:25.151 | INFO     | vehicle:move_to:62 - Moved to (-2.84, -2.84)
2024-06-18 13:55:25.338 | INFO     | vehicle:move_to:62 - Moved to (-2.13, -2.13)
2024-06-18 13:55:25.570 | INFO     | vehicle:move_to:62 - Moved to (-1.42, -1.43)
2024-06-18 13:55:25.723 | INFO     | vehicle:move_to:62 - Moved to (-0.72, -0.72)
2024-06-18 13:55:25.960 | INFO     | vehicle:move_to:62 - Moved to (-0.01, -0.01)
2024-06-18 13:55:25.960 | INFO     | vehicle:deliver_fuel:39 - Refueled at the center.
2024-06-18 13:55:29.287 | WARNING  | __main__:set_tanker_destination:80 - Station found: TankStation at 20 : -20
2024-06-18 13:55:30.203 | INFO     | vehicle:move_to:62 - Moved to (0.70, -0.72)
2024-06-18 13:55:30.405 | INFO     | vehicle:move_to:62 - Moved to (1.40, -1.42)
2024-06-18 13:55:30.621 | INFO     | vehicle:move_to:62 - Moved to (2.11, -2.13)
2024-06-18 13:55:30.772 | INFO     | vehicle:move_to:62 - Moved to (2.82, -2.84)
2024-06-18 13:55:30.939 | INFO     | vehicle:move_to:62 - Moved to (3.53, -3.54)
2024-06-18 13:55:31.122 | INFO     | vehicle:move_to:62 - Moved to (4.23, -4.25)
2024-06-18 13:55:31.289 | INFO     | vehicle:move_to:62 - Moved to (4.94, -4.96)
2024-06-18 13:55:32.718 | INFO     | vehicle:move_to:62 - Moved to (5.65, -5.66)
2024-06-18 13:55:32.823 | INFO     | vehicle:move_to:62 - Moved to (6.36, -6.37)
2024-06-18 13:55:32.918 | INFO     | vehicle:move_to:62 - Moved to (7.06, -7.08)
2024-06-18 13:55:33.005 | INFO     | vehicle:move_to:62 - Moved to (7.77, -7.78)
2024-06-18 13:55:33.106 | INFO     | vehicle:move_to:62 - Moved to (8.48, -8.49)
2024-06-18 13:55:33.206 | INFO     | vehicle:move_to:62 - Moved to (9.19, -9.20)
2024-06-18 13:55:33.306 | INFO     | vehicle:move_to:62 - Moved to (9.89, -9.90)
2024-06-18 13:55:33.407 | INFO     | vehicle:move_to:62 - Moved to (10.60, -10.61)
2024-06-18 13:55:33.502 | INFO     | vehicle:move_to:62 - Moved to (11.31, -11.32)
2024-06-18 13:55:33.607 | INFO     | vehicle:move_to:62 - Moved to (12.02, -12.02)
2024-06-18 13:55:33.685 | INFO     | vehicle:move_to:62 - Moved to (12.72, -12.73)
2024-06-18 13:55:33.787 | INFO     | vehicle:move_to:62 - Moved to (13.43, -13.44)
2024-06-18 13:57:03.235 | INFO     | vehicle:move_to:62 - Moved to (14.14, -14.15)
2024-06-18 13:57:06.992 | INFO     | vehicle:move_to:62 - Moved to (14.85, -14.85)
2024-06-18 13:57:07.789 | INFO     | vehicle:move_to:62 - Moved to (15.55, -15.56)
2024-06-18 13:57:08.591 | INFO     | vehicle:move_to:62 - Moved to (16.26, -16.27)
2024-06-18 13:57:09.385 | INFO     | vehicle:move_to:62 - Moved to (16.97, -16.97)
2024-06-18 13:57:10.186 | INFO     | vehicle:move_to:62 - Moved to (17.68, -17.68)
2024-06-18 13:57:10.986 | INFO     | vehicle:move_to:62 - Moved to (18.38, -18.39)
2024-06-18 13:57:11.791 | INFO     | vehicle:move_to:62 - Moved to (19.09, -19.09)
2024-06-18 13:57:12.579 | INFO     | vehicle:move_to:62 - Moved to (19.80, -19.80)
2024-06-18 13:57:13.385 | INFO     | vehicle:move_to:62 - Moved to (19.49, -18.85)
2024-06-18 13:57:14.184 | INFO     | vehicle:move_to:62 - Moved to (19.17, -17.90)
2024-06-18 13:57:14.967 | INFO     | vehicle:move_to:62 - Moved to (18.86, -16.95)
2024-06-18 13:57:15.784 | INFO     | vehicle:move_to:62 - Moved to (18.55, -16.00)
2024-06-18 13:57:16.585 | INFO     | vehicle:move_to:62 - Moved to (18.24, -15.05)
2024-06-18 13:57:17.367 | INFO     | vehicle:move_to:62 - Moved to (17.92, -14.10)
2024-06-18 13:57:18.167 | INFO     | vehicle:move_to:62 - Moved to (17.61, -13.15)
2024-06-18 13:57:18.967 | INFO     | vehicle:move_to:62 - Moved to (17.30, -12.20)
2024-06-18 13:57:19.768 | INFO     | vehicle:move_to:62 - Moved to (16.99, -11.25)
2024-06-18 13:57:20.571 | INFO     | vehicle:move_to:62 - Moved to (16.68, -10.30)
